<?xml version="1.0" encoding="UTF-8"?>
<testsuite xmlns:xsi="http://www.w3.org/2001/XMLSchema-instance" xsi:noNamespaceSchemaLocation="https://maven.apache.org/surefire/maven-surefire-plugin/xsd/surefire-test-report-3.0.xsd" version="3.0" name="com.cognizant.spring_learn.SpringLearnApplicationTests" time="13.595" tests="4" errors="0" skipped="0" failures="0">
  <properties>
[...]
</properties>
  <testcase name="testGetCountryNotFound" classname="com.cognizant.spring_learn.SpringLearnApplicationTests" time="2.682">
    <system-out><![CDATA[15:48:50.360 [main] INFO org.springframework.test.context.support.AnnotationConfigContextLoaderUtils -- Could not detect default configuration classes for test class [com.cognizant.spring_learn.SpringLearnApplicationTests]: SpringLearnApplicationTests does not declare any static, non-private, non-final, nested classes annotated with @Configuration.
15:48:50.855 [main] INFO org.springframework.boot.test.context.SpringBootTestContextBootstrapper -- Found @SpringBootConfiguration com.cognizant.spring_learn.SpringLearnApplication for test class com.cognizant.spring_learn.SpringLearnApplicationTests

  .   ____          _            __ _ _
 /\\ / ___'_ __ _ _(_)_ __  __ _ \ \ \ \
( ( )\___ | '_ | '_| | '_ \/ _` | \ \ \ \
 \\/  ___)| |_)| | | | | || (_| |  ) ) ) )
  '  |____| .__|_| |_|_| |_\__, | / / / /
 =========|_|==============|___/=/_/_/_/
 :: Spring Boot ::                (v3.2.5)

2026-07-14T15:48:52.802+05:30  INFO 18176 --- [           main] c.c.s.SpringLearnApplicationTests        : Starting SpringLearnApplicationTests using Java 26.0.1 with PID 18176 (started by HP in F:\cognizant_antigravity\REST_GetCountry_Java21)
2026-07-14T15:48:52.815+05:30 DEBUG 18176 --- [           main] c.c.s.SpringLearnApplicationTests        : Running with Spring Boot v3.2.5, Spring v6.1.6
2026-07-14T15:48:52.817+05:30  INFO 18176 --- [           main] c.c.s.SpringLearnApplicationTests        : No active profile set, falling back to 1 default profile: "default"
2026-07-14T15:48:57.484+05:30  INFO 18176 --- [           main] o.s.b.t.m.w.SpringBootMockServletContext : Initializing Spring TestDispatcherServlet ''
2026-07-14T15:48:57.488+05:30  INFO 18176 --- [           main] o.s.t.web.servlet.TestDispatcherServlet  : Initializing Servlet ''
2026-07-14T15:48:57.494+05:30  INFO 18176 --- [           main] o.s.t.web.servlet.TestDispatcherServlet  : Completed initialization in 5 ms
2026-07-14T15:48:57.570+05:30  INFO 18176 --- [           main] c.c.s.SpringLearnApplicationTests        : Started SpringLearnApplicationTests in 6.114 seconds (process running for 10.273)
2026-07-14T15:48:59.594+05:30  INFO 18176 --- [           main] c.c.s.controller.CountryController       : Inside getCountry() controller method with code: XYZ
2026-07-14T15:48:59.600+05:30  INFO 18176 --- [           main] c.c.spring_learn.service.CountryService  : Inside getCountry() service method with code: XYZ
2026-07-14T15:49:00.166+05:30 DEBUG 18176 --- [           main] com.cognizant.spring_learn.Country       : Inside Country Constructor.
2026-07-14T15:49:00.169+05:30 DEBUG 18176 --- [           main] com.cognizant.spring_learn.Country       : Inside setCode()
2026-07-14T15:49:00.170+05:30 DEBUG 18176 --- [           main] com.cognizant.spring_learn.Country       : Inside setName()
2026-07-14T15:49:00.171+05:30 DEBUG 18176 --- [           main] com.cognizant.spring_learn.Country       : Inside Country Constructor.
2026-07-14T15:49:00.172+05:30 DEBUG 18176 --- [           main] com.cognizant.spring_learn.Country       : Inside setCode()
2026-07-14T15:49:00.173+05:30 DEBUG 18176 --- [           main] com.cognizant.spring_learn.Country       : Inside setName()
2026-07-14T15:49:00.174+05:30 DEBUG 18176 --- [           main] com.cognizant.spring_learn.Country       : Inside Country Constructor.
2026-07-14T15:49:00.178+05:30 DEBUG 18176 --- [           main] com.cognizant.spring_learn.Country       : Inside setCode()
2026-07-14T15:49:00.179+05:30 DEBUG 18176 --- [           main] com.cognizant.spring_learn.Country       : Inside setName()
2026-07-14T15:49:00.183+05:30 DEBUG 18176 --- [           main] com.cognizant.spring_learn.Country       : Inside Country Constructor.
2026-07-14T15:49:00.184+05:30 DEBUG 18176 --- [           main] com.cognizant.spring_learn.Country       : Inside setCode()
2026-07-14T15:49:00.186+05:30 DEBUG 18176 --- [           main] com.cognizant.spring_learn.Country       : Inside setName()
2026-07-14T15:49:00.187+05:30 DEBUG 18176 --- [           main] com.cognizant.spring_learn.Country       : Inside Country Constructor.
2026-07-14T15:49:00.192+05:30 DEBUG 18176 --- [           main] com.cognizant.spring_learn.Country       : Inside setCode()
2026-07-14T15:49:00.192+05:30 DEBUG 18176 --- [           main] com.cognizant.spring_learn.Country       : Inside setName()
2026-07-14T15:49:00.193+05:30 DEBUG 18176 --- [           main] com.cognizant.spring_learn.Country       : Inside Country Constructor.
2026-07-14T15:49:00.194+05:30 DEBUG 18176 --- [           main] com.cognizant.spring_learn.Country       : Inside setCode()
2026-07-14T15:49:00.194+05:30 DEBUG 18176 --- [           main] com.cognizant.spring_learn.Country       : Inside setName()
2026-07-14T15:49:00.221+05:30 DEBUG 18176 --- [           main] com.cognizant.spring_learn.Country       : Inside getCode()
2026-07-14T15:49:00.222+05:30 DEBUG 18176 --- [           main] com.cognizant.spring_learn.Country       : Inside getCode()
2026-07-14T15:49:00.223+05:30 DEBUG 18176 --- [           main] com.cognizant.spring_learn.Country       : Inside getCode()
2026-07-14T15:49:00.223+05:30 DEBUG 18176 --- [           main] com.cognizant.spring_learn.Country       : Inside getCode()
2026-07-14T15:49:00.223+05:30 DEBUG 18176 --- [           main] com.cognizant.spring_learn.Country       : Inside getCode()
2026-07-14T15:49:00.224+05:30 DEBUG 18176 --- [           main] com.cognizant.spring_learn.Country       : Inside getCode()
2026-07-14T15:49:00.225+05:30 ERROR 18176 --- [           main] c.c.spring_learn.service.CountryService  : Country with code 'XYZ' not found.
]]></system-out>
    <system-err><![CDATA[WARNING: A Java agent has been loaded dynamically (C:\Users\HP\.m2\repository\net\bytebuddy\byte-buddy-agent\1.14.13\byte-buddy-agent-1.14.13.jar)
WARNING: If a serviceability tool is in use, please run with -XX:+EnableDynamicAgentLoading to hide this warning
WARNING: If a serviceability tool is not in use, please run with -Djdk.instrument.traceUsage for more information
WARNING: Dynamic loading of agents will be disallowed by default in a future release
]]></system-err>
  </testcase>
  <testcase name="contextLoads" classname="com.cognizant.spring_learn.SpringLearnApplicationTests" time="0.019"/>
  <testcase name="testGetCountryCaseInsensitive" classname="com.cognizant.spring_learn.SpringLearnApplicationTests" time="2.18">
    <system-out><![CDATA[2026-07-14T15:49:00.356+05:30  INFO 18176 --- [           main] c.c.s.controller.CountryController       : Inside getCountry() controller method with code: in
2026-07-14T15:49:00.357+05:30  INFO 18176 --- [           main] c.c.spring_learn.service.CountryService  : Inside getCountry() service method with code: in
2026-07-14T15:49:00.446+05:30 DEBUG 18176 --- [           main] com.cognizant.spring_learn.Country       : Inside Country Constructor.
2026-07-14T15:49:00.452+05:30 DEBUG 18176 --- [           main] com.cognizant.spring_learn.Country       : Inside setCode()
2026-07-14T15:49:00.452+05:30 DEBUG 18176 --- [           main] com.cognizant.spring_learn.Country       : Inside setName()
2026-07-14T15:49:00.453+05:30 DEBUG 18176 --- [           main] com.cognizant.spring_learn.Country       : Inside Country Constructor.
2026-07-14T15:49:00.453+05:30 DEBUG 18176 --- [           main] com.cognizant.spring_learn.Country       : Inside setCode()
2026-07-14T15:49:00.453+05:30 DEBUG 18176 --- [           main] com.cognizant.spring_learn.Country       : Inside setName()
2026-07-14T15:49:00.454+05:30 DEBUG 18176 --- [           main] com.cognizant.spring_learn.Country       : Inside Country Constructor.
2026-07-14T15:49:00.454+05:30 DEBUG 18176 --- [           main] com.cognizant.spring_learn.Country       : Inside setCode()
2026-07-14T15:49:00.454+05:30 DEBUG 18176 --- [           main] com.cognizant.spring_learn.Country       : Inside setName()
2026-07-14T15:49:00.455+05:30 DEBUG 18176 --- [           main] com.cognizant.spring_learn.Country       : Inside Country Constructor.
2026-07-14T15:49:00.455+05:30 DEBUG 18176 --- [           main] com.cognizant.spring_learn.Country       : Inside setCode()
2026-07-14T15:49:00.455+05:30 DEBUG 18176 --- [           main] com.cognizant.spring_learn.Country       : Inside setName()
2026-07-14T15:49:00.456+05:30 DEBUG 18176 --- [           main] com.cognizant.spring_learn.Country       : Inside Country Constructor.
2026-07-14T15:49:00.456+05:30 DEBUG 18176 --- [           main] com.cognizant.spring_learn.Country       : Inside setCode()
2026-07-14T15:49:00.456+05:30 DEBUG 18176 --- [           main] com.cognizant.spring_learn.Country       : Inside setName()
2026-07-14T15:49:00.457+05:30 DEBUG 18176 --- [           main] com.cognizant.spring_learn.Country       : Inside Country Constructor.
2026-07-14T15:49:00.457+05:30 DEBUG 18176 --- [           main] com.cognizant.spring_learn.Country       : Inside setCode()
2026-07-14T15:49:00.457+05:30 DEBUG 18176 --- [           main] com.cognizant.spring_learn.Country       : Inside setName()
2026-07-14T15:49:00.460+05:30 DEBUG 18176 --- [           main] com.cognizant.spring_learn.Country       : Inside getCode()
2026-07-14T15:49:01.322+05:30 DEBUG 18176 --- [           main] com.cognizant.spring_learn.Country       : Inside getCode()
2026-07-14T15:49:01.323+05:30 DEBUG 18176 --- [           main] com.cognizant.spring_learn.Country       : Inside getName()
]]></system-out>
  </testcase>
  <testcase name="testGetCountrySuccess" classname="com.cognizant.spring_learn.SpringLearnApplicationTests" time="0.349">
    <system-out><![CDATA[2026-07-14T15:49:02.637+05:30  INFO 18176 --- [           main] c.c.s.controller.CountryController       : Inside getCountry() controller method with code: IN
2026-07-14T15:49:02.638+05:30  INFO 18176 --- [           main] c.c.spring_learn.service.CountryService  : Inside getCountry() service method with code: IN
2026-07-14T15:49:02.839+05:30 DEBUG 18176 --- [           main] com.cognizant.spring_learn.Country       : Inside Country Constructor.
2026-07-14T15:49:02.840+05:30 DEBUG 18176 --- [           main] com.cognizant.spring_learn.Country       : Inside setCode()
2026-07-14T15:49:02.841+05:30 DEBUG 18176 --- [           main] com.cognizant.spring_learn.Country       : Inside setName()
2026-07-14T15:49:02.841+05:30 DEBUG 18176 --- [           main] com.cognizant.spring_learn.Country       : Inside Country Constructor.
2026-07-14T15:49:02.841+05:30 DEBUG 18176 --- [           main] com.cognizant.spring_learn.Country       : Inside setCode()
2026-07-14T15:49:02.842+05:30 DEBUG 18176 --- [           main] com.cognizant.spring_learn.Country       : Inside setName()
2026-07-14T15:49:02.842+05:30 DEBUG 18176 --- [           main] com.cognizant.spring_learn.Country       : Inside Country Constructor.
2026-07-14T15:49:02.846+05:30 DEBUG 18176 --- [           main] com.cognizant.spring_learn.Country       : Inside setCode()
2026-07-14T15:49:02.846+05:30 DEBUG 18176 --- [           main] com.cognizant.spring_learn.Country       : Inside setName()
2026-07-14T15:49:02.847+05:30 DEBUG 18176 --- [           main] com.cognizant.spring_learn.Country       : Inside Country Constructor.
2026-07-14T15:49:02.847+05:30 DEBUG 18176 --- [           main] com.cognizant.spring_learn.Country       : Inside setCode()
2026-07-14T15:49:02.848+05:30 DEBUG 18176 --- [           main] com.cognizant.spring_learn.Country       : Inside setName()
2026-07-14T15:49:02.848+05:30 DEBUG 18176 --- [           main] com.cognizant.spring_learn.Country       : Inside Country Constructor.
2026-07-14T15:49:02.848+05:30 DEBUG 18176 --- [           main] com.cognizant.spring_learn.Country       : Inside setCode()
2026-07-14T15:49:02.848+05:30 DEBUG 18176 --- [           main] com.cognizant.spring_learn.Country       : Inside setName()
2026-07-14T15:49:02.849+05:30 DEBUG 18176 --- [           main] com.cognizant.spring_learn.Country       : Inside Country Constructor.
2026-07-14T15:49:02.849+05:30 DEBUG 18176 --- [           main] com.cognizant.spring_learn.Country       : Inside setCode()
2026-07-14T15:49:02.850+05:30 DEBUG 18176 --- [           main] com.cognizant.spring_learn.Country       : Inside setName()
2026-07-14T15:49:02.852+05:30 DEBUG 18176 --- [           main] com.cognizant.spring_learn.Country       : Inside getCode()
2026-07-14T15:49:02.855+05:30 DEBUG 18176 --- [           main] com.cognizant.spring_learn.Country       : Inside getCode()
2026-07-14T15:49:02.855+05:30 DEBUG 18176 --- [           main] com.cognizant.spring_learn.Country       : Inside getName()
]]></system-out>
  </testcase>
</testsuite>